#
# An unexpected error has been detected by Java Runtime Environment:
#
#  EXCEPTION_ACCESS_VIOLATION (0xc0000005) at pc=0x0000000180003450, pid=9068, tid=7348
#
# Java VM: Java HotSpot(TM) 64-Bit Server VM (10.0-b19 mixed mode windows-amd64)
# Problematic frame:
# C  [mcr.dll+0x3450]
#
# If you would like to submit a bug report, please visit:
#   http://java.sun.com/webapps/bugreport/crash.jsp
# The crash happened outside the Java Virtual Machine in native code.
# See problematic frame for where to report the bug.
#

---------------  T H R E A D  ---------------

Current thread (0x000000000dd15800):  JavaThread "main" [_thread_in_native, id=7348, stack(0x0000000000400000,0x0000000001400000)]

siginfo: ExceptionCode=0xc0000005, reading address 0x0000000000000058

Registers:
EAX=0x00000000176741f0, EBX=0x000000000be79b80, ECX=0x00000000176741f0, EDX=0x0000000000000058
ESP=0x00000000013fe160, EBP=0x0000000000000200, ESI=0x00000000176741f0, EDI=0x0000000000000001
EIP=0x0000000180003450, EFLAGS=0x0000000000010206

Top of Stack: (sp=0x00000000013fe160)
0x00000000013fe160:   000000000dccba00 00007ffd4983390c
0x00000000013fe170:   00000000013fe240 00007ffd4d383da7
0x00000000013fe180:   fffffffffffffffe 0000000000000334
0x00000000013fe190:   0000000000000001 0000000180041f41
0x00000000013fe1a0:   00000000176741f0 000000000be79b80
0x00000000013fe1b0:   000000000be79b98 00007ffd4d383c98
0x00000000013fe1c0:   fffffffffffffffe 0000000000001cb4
0x00000000013fe1d0:   00000000013fe600 00000000013fe680
0x00000000013fe1e0:   00000030004d0100 0000006000000060
0x00000000013fe1f0:   0000003000000080 0062005c00000029
0x00000000013fe200:   0077005c01000060 00000000013fe400
0x00000000013fe210:   0000000000000000 0000000000000000
0x00000000013fe220:   0000000000000001 000000000dccba00
0x00000000013fe230:   0000000000000200 0000000180002369
0x00000000013fe240:   000000000be79b80 00000000013fe2d8
0x00000000013fe250:   00000000176741f0 00007ffd4d37e747 

Instructions: (pc=0x0000000180003450)
0x0000000180003440:   ff ff ff 48 89 5c 24 48 48 89 74 24 50 48 8b f1
0x0000000180003450:   48 8b 02 48 89 01 48 8b 42 08 48 89 41 08 48 8b 


Stack: [0x0000000000400000,0x0000000001400000],  sp=0x00000000013fe160,  free space=16376k
Native frames: (J=compiled Java code, j=interpreted, Vv=VM code, C=native code)
C  [mcr.dll+0x3450]

[error occurred during error reporting (printing native stack), id 0xc0000005]

Java frames: (J=compiled Java code, j=interpreted, Vv=VM code)
v  ~BufferBlob::Interpreter
v  ~BufferBlob::Interpreter
v  ~BufferBlob::Interpreter
v  ~BufferBlob::Interpreter
v  ~BufferBlob::Interpreter
v  ~BufferBlob::Interpreter
v  ~BufferBlob::StubRoutines (1)

---------------  P R O C E S S  ---------------

Java Threads: ( => current thread )
  0x0000000037e1e800 JavaThread "Prefs Updater" [_thread_blocked, id=8176, stack(0x0000000039690000,0x0000000039710000)]
  0x0000000037e1d400 JavaThread "Timer-7" daemon [_thread_blocked, id=4260, stack(0x0000000039590000,0x0000000039610000)]
  0x0000000037d35000 JavaThread "Image Fetcher 3" daemon [_thread_blocked, id=11888, stack(0x0000000039210000,0x0000000039290000)]
  0x000000003816e000 JavaThread "Timer-1" [_thread_blocked, id=8716, stack(0x0000000038d50000,0x0000000038dd0000)]
  0x00000000117e9c00 JavaThread "TimerQueue" daemon [_thread_blocked, id=15524, stack(0x0000000038b30000,0x0000000038bb0000)]
  0x0000000011a41400 JavaThread "AWT-EventQueue-0" [_thread_blocked, id=11868, stack(0x0000000037ae0000,0x0000000037b60000)]
  0x000000001165fc00 JavaThread "AWT-Shutdown" [_thread_blocked, id=15652, stack(0x0000000037a60000,0x0000000037ae0000)]
  0x00000000117e9000 JavaThread "Image Fetcher 2" daemon [_thread_blocked, id=1432, stack(0x0000000011eb0000,0x0000000011f30000)]
  0x0000000011795400 JavaThread "AWT-Windows" daemon [_thread_in_native, id=15864, stack(0x0000000011cd0000,0x0000000011d50000)]
  0x000000000e0a2800 JavaThread "Java2D Disposer" daemon [_thread_blocked, id=3880, stack(0x000000000ff60000,0x000000000ffe0000)]
  0x000000001115a400 JavaThread "Timer-0" [_thread_blocked, id=172, stack(0x000000000fd20000,0x000000000fda0000)]
  0x000000001121e000 JavaThread "JMI Unnamed Thread" [_thread_in_native, id=880, stack(0x0000000010050000,0x0000000011050000)]
  0x000000000e0b1800 JavaThread "Low Memory Detector" daemon [_thread_blocked, id=15432, stack(0x000000000fc40000,0x000000000fcc0000)]
  0x000000000e0aec00 JavaThread "CompilerThread1" daemon [_thread_blocked, id=12560, stack(0x00000000346a0000,0x00000000356a0000)]
  0x000000000de0e800 JavaThread "CompilerThread0" daemon [_thread_blocked, id=7616, stack(0x00000000152a0000,0x00000000162a0000)]
  0x000000000de0e400 JavaThread "Attach Listener" daemon [_thread_blocked, id=7748, stack(0x000000000fbc0000,0x000000000fc40000)]
  0x000000000ddf6800 JavaThread "Finalizer" daemon [_thread_blocked, id=15788, stack(0x000000000fb40000,0x000000000fbc0000)]
  0x000000000ddf2000 JavaThread "Reference Handler" daemon [_thread_blocked, id=14648, stack(0x000000000fac0000,0x000000000fb40000)]
=>0x000000000dd15800 JavaThread "main" [_thread_in_native, id=7348, stack(0x0000000000400000,0x0000000001400000)]

Other Threads:
  0x000000000ddee800 VMThread [stack: 0x00000000336a0000,0x00000000346a0000] [id=13736]
  0x000000000e0b6400 WatcherThread [stack: 0x00000000356a0000,0x00000000366a0000] [id=13380]

VM state:not at safepoint (normal execution)

VM Mutex/Monitor currently owned by a thread: None

Heap
 PSYoungGen      total 24512K, used 8401K [0x000000002c5a0000, 0x000000002f5c0000, 0x000000002f6a0000)
  eden space 16768K, 4% used [0x000000002c5a0000,0x000000002c64ce50,0x000000002d600000)
  from space 7744K, 99% used [0x000000002d600000,0x000000002dd877d8,0x000000002dd90000)
  to   space 16256K, 0% used [0x000000002e5e0000,0x000000002e5e0000,0x000000002f5c0000)
 PSOldGen        total 49152K, used 28166K [0x00000000232a0000, 0x00000000262a0000, 0x000000002c5a0000)
  object space 49152K, 57% used [0x00000000232a0000,0x0000000024e21a68,0x00000000262a0000)
 PSPermGen       total 34304K, used 34177K [0x000000001b2a0000, 0x000000001d420000, 0x00000000232a0000)
  object space 34304K, 99% used [0x000000001b2a0000,0x000000001d4005c8,0x000000001d420000)

Dynamic libraries:
0x0000000140000000 - 0x0000000140032000 	C:\Program Files\MATLAB\R2009a\bin\win64\matlab.exe
0x00007ffd4d370000 - 0x00007ffd4d550000 	C:\WINDOWS\SYSTEM32\ntdll.dll
0x00007ffd4ae90000 - 0x00007ffd4af3e000 	C:\WINDOWS\System32\KERNEL32.DLL
0x00007ffd49820000 - 0x00007ffd49a86000 	C:\WINDOWS\System32\KERNELBASE.dll
0x00007ffd47540000 - 0x00007ffd475c8000 	C:\WINDOWS\SYSTEM32\apphelp.dll
0x0000000180000000 - 0x0000000180082000 	C:\Program Files\MATLAB\R2009a\bin\win64\mcr.dll
0x00007ffd4c8b0000 - 0x00007ffd4ca3f000 	C:\WINDOWS\System32\USER32.dll
0x00007ffd4a600000 - 0x00007ffd4a620000 	C:\WINDOWS\System32\win32u.dll
0x00007ffd4cef0000 - 0x00007ffd4cf18000 	C:\WINDOWS\System32\GDI32.dll
0x00007ffd49af0000 - 0x00007ffd49c83000 	C:\WINDOWS\System32\gdi32full.dll
0x00007ffd4a7a0000 - 0x00007ffd4a83b000 	C:\WINDOWS\System32\msvcp_win.dll
0x00007ffd4a6a0000 - 0x00007ffd4a796000 	C:\WINDOWS\System32\ucrtbase.dll
0x00007ffd4b470000 - 0x00007ffd4c8a6000 	C:\WINDOWS\System32\SHELL32.dll
0x00007ffd4cd20000 - 0x00007ffd4cdbd000 	C:\WINDOWS\System32\msvcrt.dll
0x00007ffd4a5b0000 - 0x00007ffd4a5fa000 	C:\WINDOWS\System32\cfgmgr32.dll
0x00007ffd4ca40000 - 0x00007ffd4cae6000 	C:\WINDOWS\System32\shcore.dll
0x00007ffd4b350000 - 0x00007ffd4b46f000 	C:\WINDOWS\System32\RPCRT4.dll
0x00007ffd4cf20000 - 0x00007ffd4d228000 	C:\WINDOWS\System32\combase.dll
0x00007ffd4a620000 - 0x00007ffd4a692000 	C:\WINDOWS\System32\bcryptPrimitives.dll
0x00007ffd49e60000 - 0x00007ffd4a5a7000 	C:\WINDOWS\System32\windows.storage.dll
0x00007ffd4a990000 - 0x00007ffd4aa31000 	C:\WINDOWS\System32\advapi32.dll
0x00007ffd4af40000 - 0x00007ffd4af9b000 	C:\WINDOWS\System32\sechost.dll
0x00007ffd4b000000 - 0x00007ffd4b051000 	C:\WINDOWS\System32\shlwapi.dll
0x00007ffd496c0000 - 0x00007ffd496d1000 	C:\WINDOWS\System32\kernel.appcore.dll
0x00007ffd49700000 - 0x00007ffd4974c000 	C:\WINDOWS\System32\powrprof.dll
0x00007ffd49750000 - 0x00007ffd4976b000 	C:\WINDOWS\System32\profapi.dll
0x00007ffd4b090000 - 0x00007ffd4b1d9000 	C:\WINDOWS\System32\ole32.dll
0x000000005c820000 - 0x000000005c929000 	C:\WINDOWS\WinSxS\amd64_microsoft.vc80.crt_1fc8b3b9a1e18e3b_8.0.50727.9348_none_88dedda92fafc8db\MSVCP80.dll
0x000000005c950000 - 0x000000005ca19000 	C:\WINDOWS\WinSxS\amd64_microsoft.vc80.crt_1fc8b3b9a1e18e3b_8.0.50727.9348_none_88dedda92fafc8db\MSVCR80.dll
0x0000000000170000 - 0x00000000001de000 	C:\Program Files\MATLAB\R2009a\bin\win64\libmwfl.dll
0x00007ffd4b060000 - 0x00007ffd4b07d000 	C:\WINDOWS\System32\imagehlp.dll
0x00000000065c0000 - 0x00000000067f7000 	C:\Program Files\MATLAB\R2009a\bin\win64\libmwservices.dll
0x0000000003410000 - 0x0000000003434000 	C:\Program Files\MATLAB\R2009a\bin\win64\bridge.dll
0x0000000003440000 - 0x00000000034b1000 	C:\Program Files\MATLAB\R2009a\bin\win64\libmx.dll
0x0000000006800000 - 0x0000000006862000 	C:\Program Files\MATLAB\R2009a\bin\win64\iqm.dll
0x0000000006890000 - 0x0000000006c96000 	C:\Program Files\MATLAB\R2009a\bin\win64\libut.dll
0x00007ffd4d230000 - 0x00007ffd4d33a000 	C:\WINDOWS\System32\comdlg32.dll
0x00000000070c0000 - 0x0000000007115000 	C:\Program Files\MATLAB\R2009a\bin\win64\mpath.dll
0x0000000007120000 - 0x000000000712f000 	C:\Program Files\MATLAB\R2009a\bin\win64\libmex.dll
0x00007ffd4cdc0000 - 0x00007ffd4ce2c000 	C:\WINDOWS\System32\WS2_32.dll
0x0000000007130000 - 0x00000000073b1000 	C:\Program Files\MATLAB\R2009a\bin\win64\mcos.dll
0x00000000073e0000 - 0x0000000007470000 	C:\Program Files\MATLAB\R2009a\bin\win64\m_dispatcher.dll
0x0000000007480000 - 0x00000000075d7000 	C:\Program Files\MATLAB\R2009a\bin\win64\libmwgui.dll
0x00000000075f0000 - 0x000000000763f000 	C:\Program Files\MATLAB\R2009a\bin\win64\mlutil.dll
0x00007ffd4b080000 - 0x00007ffd4b088000 	C:\WINDOWS\System32\PSAPI.DLL
0x0000000007640000 - 0x0000000007925000 	C:\Program Files\MATLAB\R2009a\bin\win64\hg.dll
0x0000000007950000 - 0x00000000079b0000 	C:\Program Files\MATLAB\R2009a\bin\win64\jmi.dll
0x00000000079b0000 - 0x0000000007a5b000 	C:\Program Files\MATLAB\R2009a\bin\win64\udd_mi.dll
0x0000000007a70000 - 0x0000000007cb4000 	C:\Program Files\MATLAB\R2009a\bin\win64\uiw.dll
0x0000000007ce0000 - 0x00000000085c7000 	C:\Program Files\MATLAB\R2009a\bin\win64\m_interpreter.dll
0x00000000085d0000 - 0x00000000085de000 	C:\Program Files\MATLAB\R2009a\bin\win64\mlautoregister.dll
0x00000000085f0000 - 0x000000000865a000 	C:\Program Files\MATLAB\R2009a\bin\win64\comcli.dll
0x00007ffd4a8c0000 - 0x00007ffd4a985000 	C:\WINDOWS\System32\OLEAUT32.dll
0x0000000008670000 - 0x0000000008681000 	C:\Program Files\MATLAB\R2009a\bin\win64\boost_thread-vc80-mt-1_36.dll
0x00000000086a0000 - 0x00000000086b8000 	C:\Program Files\MATLAB\R2009a\bin\win64\mwoles05.DLL
0x00000000086d0000 - 0x00000000086df000 	C:\Program Files\MATLAB\R2009a\bin\win64\boost_date_time-vc80-mt-1_36.dll
0x000000004a800000 - 0x000000004a923000 	C:\Program Files\MATLAB\R2009a\bin\win64\icuuc38.dll
0x00007ffd3deb0000 - 0x00007ffd3df56000 	C:\WINDOWS\WinSxS\amd64_microsoft.windows.common-controls_6595b64144ccf1df_5.82.16299.371_none_887d866e4ab76531\COMCTL32.dll
0x00007ffd39840000 - 0x00007ffd39857000 	C:\WINDOWS\SYSTEM32\NETAPI32.dll
0x0000000010000000 - 0x0000000010049000 	C:\Program Files\MATLAB\R2009a\bin\win64\tbb.dll
0x000000004ab00000 - 0x000000004ab0f000 	C:\Program Files\MATLAB\R2009a\bin\win64\icuio38.dll
0x0000000012000000 - 0x0000000012295000 	C:\Program Files\MATLAB\R2009a\bin\win64\xerces-c_2_7.dll
0x00007ffd48060000 - 0x00007ffd48228000 	C:\WINDOWS\SYSTEM32\dbghelp.dll
0x000000005c400000 - 0x000000005c420000 	C:\WINDOWS\WinSxS\amd64_microsoft.vc80.atl_1fc8b3b9a1e18e3b_8.0.50727.4053_none_8a1a02152edb659b\ATL80.DLL
0x000000005bda0000 - 0x000000005bf3c000 	C:\WINDOWS\WinSxS\amd64_microsoft.vc80.mfc_1fc8b3b9a1e18e3b_8.0.50727.4053_none_8444db7d32915e4c\MFC80.DLL
0x00007ffd3e2e0000 - 0x00007ffd3e366000 	C:\WINDOWS\SYSTEM32\WINSPOOL.DRV
0x00007ffd48ce0000 - 0x00007ffd48d19000 	C:\WINDOWS\SYSTEM32\IPHLPAPI.DLL
0x00007ffd49220000 - 0x00007ffd49245000 	C:\WINDOWS\SYSTEM32\bcrypt.dll
0x000000004ad00000 - 0x000000004ad03000 	C:\Program Files\MATLAB\R2009a\bin\win64\icudt38.dll
0x0000000006cb0000 - 0x0000000006cb9000 	C:\Program Files\MATLAB\R2009a\bin\win64\boost_system-vc80-mt-1_36.dll
0x0000000006cd0000 - 0x0000000006df5000 	C:\Program Files\MATLAB\R2009a\bin\win64\libmwmathutil.dll
0x0000000006e00000 - 0x0000000006e17000 	C:\Program Files\MATLAB\R2009a\bin\win64\zlib1.dll
0x0000000006e20000 - 0x0000000006e36000 	C:\Program Files\MATLAB\R2009a\bin\win64\boost_signals-vc80-mt-1_36.dll
0x0000000006e40000 - 0x0000000006e65000 	C:\Program Files\MATLAB\R2009a\bin\win64\datasvcs.dll
0x0000000006e70000 - 0x0000000006f61000 	C:\Program Files\MATLAB\R2009a\bin\win64\boost_regex-vc80-mt-1_36.dll
0x0000000006f80000 - 0x0000000006fa8000 	C:\Program Files\MATLAB\R2009a\bin\win64\LIBEXPAT.dll
0x0000000006fd0000 - 0x0000000007090000 	C:\Program Files\MATLAB\R2009a\bin\win64\udd.dll
0x0000000007090000 - 0x00000000070ba000 	C:\Program Files\MATLAB\R2009a\bin\win64\libmwmathrng.dll
0x0000000008820000 - 0x000000000883a000 	C:\Program Files\MATLAB\R2009a\bin\win64\m_pcodeio.dll
0x0000000008870000 - 0x0000000008890000 	C:\Program Files\MATLAB\R2009a\bin\win64\m_pcodegen.dll
0x0000000008890000 - 0x0000000008921000 	C:\Program Files\MATLAB\R2009a\bin\win64\profiler.dll
0x0000000008930000 - 0x0000000008962000 	C:\Program Files\MATLAB\R2009a\bin\win64\libmat.dll
0x0000000008980000 - 0x00000000089cd000 	C:\Program Files\MATLAB\R2009a\bin\win64\m_ir.dll
0x0000000008a00000 - 0x0000000008af2000 	C:\Program Files\MATLAB\R2009a\bin\win64\libmwmathlinalg.dll
0x0000000008b00000 - 0x0000000009106000 	C:\Program Files\MATLAB\R2009a\bin\win64\m_parser.dll
0x0000000009120000 - 0x0000000009160000 	C:\Program Files\MATLAB\R2009a\bin\win64\libmwhardcopy.dll
0x0000000009160000 - 0x00000000091b8000 	C:\Program Files\MATLAB\R2009a\bin\win64\libuij.dll
0x00000000091e0000 - 0x00000000091ea000 	C:\Program Files\MATLAB\R2009a\bin\win64\uinone.dll
0x00000000091f0000 - 0x00000000092dd000 	C:\Program Files\MATLAB\R2009a\bin\win64\hgdatatypes.dll
0x00000000092f0000 - 0x000000000942a000 	C:\Program Files\MATLAB\R2009a\bin\win64\icuin38.dll
0x0000000009450000 - 0x000000000963e000 	C:\Program Files\MATLAB\R2009a\bin\win64\libhdf5.dll
0x0000000009640000 - 0x00000000099ec000 	C:\Program Files\MATLAB\R2009a\bin\win64\libmwmathelem.dll
0x0000000008780000 - 0x0000000008795000 	C:\Program Files\MATLAB\R2009a\bin\win64\libmwblas.dll
0x00000000087a0000 - 0x000000000880c000 	C:\Program Files\MATLAB\R2009a\bin\win64\libmwmathcore.dll
0x0000000009a00000 - 0x0000000009a7d000 	C:\Program Files\MATLAB\R2009a\bin\win64\libmwlapack.dll
0x0000000009aa0000 - 0x0000000009adb000 	C:\Program Files\MATLAB\R2009a\bin\win64\libmwrookfastbp.dll
0x0000000009ae0000 - 0x0000000009b2c000 	C:\Program Files\MATLAB\R2009a\bin\win64\libmwma57.dll
0x0000000009b40000 - 0x0000000009b50000 	C:\Program Files\MATLAB\R2009a\bin\win64\libmwcsparse.dll
0x0000000009b50000 - 0x0000000009bbe000 	C:\Program Files\MATLAB\R2009a\bin\win64\libmwumfpack.dll
0x0000000009bf0000 - 0x0000000009c52000 	C:\Program Files\MATLAB\R2009a\bin\win64\libmwcholmod.dll
0x0000000009c70000 - 0x0000000009c84000 	C:\Program Files\MATLAB\R2009a\bin\win64\ir_xfmr.dll
0x0000000009c90000 - 0x0000000009c9d000 	C:\Program Files\MATLAB\R2009a\bin\win64\libmwamd.dll
0x0000000009ca0000 - 0x0000000009cac000 	C:\Program Files\MATLAB\R2009a\bin\win64\mtok.dll
0x0000000009cf0000 - 0x0000000009d01000 	C:\Program Files\MATLAB\R2009a\bin\win64\libmwbinder.dll
0x0000000009d10000 - 0x0000000009fe0000 	C:\Program Files\MATLAB\R2009a\bin\win64\libmmd.dll
0x0000000009fe0000 - 0x0000000009fec000 	C:\Program Files\MATLAB\R2009a\bin\win64\libmwcolamd.dll
0x0000000009ff0000 - 0x000000000a10c000 	C:\Program Files\MATLAB\R2009a\bin\win64\libifcoremd.dll
0x00007ffd4cc90000 - 0x00007ffd4ccbd000 	C:\WINDOWS\System32\IMM32.DLL
0x000000005d360000 - 0x000000005d36a000 	C:\WINDOWS\WinSxS\amd64_microsoft.vc80.mfcloc_1fc8b3b9a1e18e3b_8.0.50727.4053_none_bc1d1e5b0be08790\MFC80CHT.DLL
0x00007ffd47bd0000 - 0x00007ffd47c65000 	C:\WINDOWS\system32\uxtheme.dll
0x00007ffd4b1e0000 - 0x00007ffd4b347000 	C:\WINDOWS\System32\MSCTF.dll
0x00007ffd48d20000 - 0x00007ffd48dd6000 	C:\WINDOWS\SYSTEM32\DNSAPI.dll
0x00007ffd4cee0000 - 0x00007ffd4cee8000 	C:\WINDOWS\System32\NSI.dll
0x00007ffd3e950000 - 0x00007ffd3e966000 	C:\WINDOWS\SYSTEM32\dhcpcsvc6.DLL
0x00007ffd3ea00000 - 0x00007ffd3ea1a000 	C:\WINDOWS\SYSTEM32\dhcpcsvc.DLL
0x00007ffd3eea0000 - 0x00007ffd3eeab000 	C:\WINDOWS\SYSTEM32\WINNSI.DLL
0x00007ffd495c0000 - 0x00007ffd495f0000 	C:\WINDOWS\SYSTEM32\SspiCli.dll
0x000000000a220000 - 0x000000000a223000 	C:\WINDOWS\SYSTEM32\icmp.Dll
0x000000000f510000 - 0x000000000faba000 	C:\Program Files\MATLAB\R2009a\sys\java\jre\win64\jre\bin\server\jvm.dll
0x00007ffd47510000 - 0x00007ffd47533000 	C:\WINDOWS\SYSTEM32\WINMM.dll
0x00007ffd474b0000 - 0x00007ffd474da000 	C:\WINDOWS\SYSTEM32\winmmbase.dll
0x000000000a420000 - 0x000000000a42a000 	C:\Program Files\MATLAB\R2009a\sys\java\jre\win64\jre\bin\hpi.dll
0x000000000a440000 - 0x000000000a44e000 	C:\Program Files\MATLAB\R2009a\sys\java\jre\win64\jre\bin\verify.dll
0x000000000bed0000 - 0x000000000bef7000 	C:\Program Files\MATLAB\R2009a\sys\java\jre\win64\jre\bin\java.dll
0x000000000a450000 - 0x000000000a462000 	C:\Program Files\MATLAB\R2009a\sys\java\jre\win64\jre\bin\zip.dll
0x000000000fcc0000 - 0x000000000fce1000 	C:\Program Files\MATLAB\R2009a\bin\win64\nativejava.dll
0x000000000fcf0000 - 0x000000000fd18000 	C:\Program Files\MATLAB\R2009a\bin\win64\nativejmi.dll
0x000000000fda0000 - 0x000000000fda7000 	C:\Program Files\MATLAB\R2009a\bin\win64\nativeservices.dll

VM Arguments:
jvm_args: -Xss512k -XX:PermSize=32m -Xms64m -XX:NewRatio=3 -XX:MaxPermSize=128m -Xmx196m -XX:MaxDirectMemorySize=2147400000 -Dsun.java2d.noddraw=true -Dsun.awt.nopixfmt=true -Xshare:off -Xrs -Djava.library.path=C:\Program Files\MATLAB\R2009a\bin\win64 vfprintf abort 
java_command: <unknown>
Launcher Type: generic

Environment Variables:
CLASSPATH=C:\Program Files (x86)\OpenNI\Bin\org.OpenNI.jar
PATH=C:\Program Files (x86)\Intel\iCLS Client\;C:\Program Files\Intel\iCLS Client\;C:\Windows\system32;C:\Windows;C:\Windows\System32\Wbem;C:\Windows\System32\WindowsPowerShell\v1.0\;C:\Program Files (x86)\NVIDIA Corporation\PhysX\Common;C:\Program Files (x86)\Intel\Intel(R) Management Engine Components\DAL;C:\Program Files\Intel\Intel(R) Management Engine Components\DAL;C:\Program Files (x86)\Intel\Intel(R) Management Engine Components\IPT;C:\Program Files\Intel\Intel(R) Management Engine Components\IPT;C:\Program Files (x86)\Microsoft SQL Server\90\Tools\binn\;C:\Program Files (x86)\OpenNI\Bin;C:\WINDOWS\system32;C:\WINDOWS;C:\WINDOWS\System32\Wbem;C:\WINDOWS\System32\WindowsPowerShell\v1.0\;C:\opencv\build\x86\vc10\bin;C:\Program Files (x86)\Tesseract-OCR;C:\opencv\build\x86\vc9\bin;C:\Program Files (x86)\Windows Kits\8.1\Windows Performance Toolkit\;C:\Program Files\MATLAB\R2009a\bin;C:\Program Files\MATLAB\R2009a\bin\win64;C:\Users\user\AppData\Local\Programs\Python\Python36-32\Scripts\;C:\Users\user\AppData\Local\Programs\Python\Python36-32\;C:\opencv\build;C:\opencv\build\x86\vc10\bin;C:\opencv\build\include;C:\opencv\build\x64\vc10\lib;;USERPROFILE\AppData\Local\Microsoft\WindowsApps
USERNAME=user
OS=Windows_NT
PROCESSOR_IDENTIFIER=Intel64 Family 6 Model 94 Stepping 3, GenuineIntel



---------------  S Y S T E M  ---------------

OS: Windows NT 6.2 Build 9200 

CPU:total 4 (8 cores per cpu, 2 threads per core) family 6 model 14 stepping 3, cmov, cx8, fxsr, mmx, sse, sse2, sse3, ssse3, ht

Memory: 4k page, physical 8282164k(2448288k free), swap 9592884k(3912208k free)

vm_info: Java HotSpot(TM) 64-Bit Server VM (10.0-b19) for windows-amd64 JRE (1.6.0_04-b12), built on Dec 14 2007 00:44:23 by "java_re" with MS VC++ 8.0

time: Tue May 01 19:36:46 2018
elapsed time: 18 seconds

